<?xml version="1.0" encoding="UTF-8"?>
<!-- Generated by org.testng.reporters.JUnitReportReporter -->
<testsuite hostname="VIDHYARAJENDRAN" failures="0" tests="4" name="testCase.DataDrivenLoginTest" time="16.888" errors="0" timestamp="2024-07-13T08:21:49 IST" skipped="0">
  <testcase classname="testCase.DataDrivenLoginTest" name="LoginTest" time="4.352"/>
  <testcase classname="testCase.DataDrivenLoginTest" name="LoginTest" time="3.926"/>
  <testcase classname="testCase.DataDrivenLoginTest" name="LoginTest" time="4.906"/>
  <testcase classname="testCase.DataDrivenLoginTest" name="LoginTest" time="3.704"/>
</testsuite> <!-- testCase.DataDrivenLoginTest -->
